<?xml version="1.0" encoding="UTF-8"?>
<testsuite xmlns:xsi="http://www.w3.org/2001/XMLSchema-instance" xsi:noNamespaceSchemaLocation="https://maven.apache.org/surefire/maven-surefire-plugin/xsd/surefire-test-report.xsd" version="3.0.1" name="com.example.AppTest" time="0.034" tests="1" errors="0" skipped="0" failures="0">
  <properties>
    <property name="java.specification.version" value="23"/>
    <property name="sun.jnu.encoding" value="UTF-8"/>
    <property name="java.class.path" value="/home/manuel/spring/crudJdbcTemplate/target/test-classes:/home/manuel/spring/crudJdbcTemplate/target/classes:/home/manuel/.m2/repository/junit/junit/3.8.1/junit-3.8.1.jar:/home/manuel/.m2/repository/org/springframework/spring-jdbc/6.1.13/spring-jdbc-6.1.13.jar:/home/manuel/.m2/repository/org/springframework/spring-beans/6.1.13/spring-beans-6.1.13.jar:/home/manuel/.m2/repository/org/springframework/spring-core/6.1.13/spring-core-6.1.13.jar:/home/manuel/.m2/repository/org/springframework/spring-jcl/6.1.13/spring-jcl-6.1.13.jar:/home/manuel/.m2/repository/org/springframework/spring-tx/6.1.13/spring-tx-6.1.13.jar:/home/manuel/.m2/repository/com/mysql/mysql-connector-j/8.0.31/mysql-connector-j-8.0.31.jar:/home/manuel/.m2/repository/com/google/protobuf/protobuf-java/3.19.4/protobuf-java-3.19.4.jar:/home/manuel/.m2/repository/org/springframework/spring-context/6.1.13/spring-context-6.1.13.jar:/home/manuel/.m2/repository/org/springframework/spring-aop/6.1.13/spring-aop-6.1.13.jar:/home/manuel/.m2/repository/org/springframework/spring-expression/6.1.13/spring-expression-6.1.13.jar:/home/manuel/.m2/repository/io/micrometer/micrometer-observation/1.12.10/micrometer-observation-1.12.10.jar:/home/manuel/.m2/repository/io/micrometer/micrometer-commons/1.12.10/micrometer-commons-1.12.10.jar:"/>
    <property name="java.vm.vendor" value="Arch Linux"/>
    <property name="sun.arch.data.model" value="64"/>
    <property name="java.vendor.url" value="https://openjdk.org/"/>
    <property name="os.name" value="Linux"/>
    <property name="java.vm.specification.version" value="23"/>
    <property name="sun.java.launcher" value="SUN_STANDARD"/>
    <property name="user.country" value="US"/>
    <property name="sun.boot.library.path" value="/usr/lib/jvm/java-23-openjdk/lib"/>
    <property name="sun.java.command" value="/home/manuel/spring/crudJdbcTemplate/target/surefire/surefirebooter-20250304141851869_3.jar /home/manuel/spring/crudJdbcTemplate/target/surefire 2025-03-04T14-18-51_806-jvmRun1 surefire-20250304141851869_1tmp surefire_0-20250304141851869_2tmp"/>
    <property name="jdk.debug" value="release"/>
    <property name="surefire.test.class.path" value="/home/manuel/spring/crudJdbcTemplate/target/test-classes:/home/manuel/spring/crudJdbcTemplate/target/classes:/home/manuel/.m2/repository/junit/junit/3.8.1/junit-3.8.1.jar:/home/manuel/.m2/repository/org/springframework/spring-jdbc/6.1.13/spring-jdbc-6.1.13.jar:/home/manuel/.m2/repository/org/springframework/spring-beans/6.1.13/spring-beans-6.1.13.jar:/home/manuel/.m2/repository/org/springframework/spring-core/6.1.13/spring-core-6.1.13.jar:/home/manuel/.m2/repository/org/springframework/spring-jcl/6.1.13/spring-jcl-6.1.13.jar:/home/manuel/.m2/repository/org/springframework/spring-tx/6.1.13/spring-tx-6.1.13.jar:/home/manuel/.m2/repository/com/mysql/mysql-connector-j/8.0.31/mysql-connector-j-8.0.31.jar:/home/manuel/.m2/repository/com/google/protobuf/protobuf-java/3.19.4/protobuf-java-3.19.4.jar:/home/manuel/.m2/repository/org/springframework/spring-context/6.1.13/spring-context-6.1.13.jar:/home/manuel/.m2/repository/org/springframework/spring-aop/6.1.13/spring-aop-6.1.13.jar:/home/manuel/.m2/repository/org/springframework/spring-expression/6.1.13/spring-expression-6.1.13.jar:/home/manuel/.m2/repository/io/micrometer/micrometer-observation/1.12.10/micrometer-observation-1.12.10.jar:/home/manuel/.m2/repository/io/micrometer/micrometer-commons/1.12.10/micrometer-commons-1.12.10.jar:"/>
    <property name="sun.cpu.endian" value="little"/>
    <property name="user.home" value="/home/manuel"/>
    <property name="user.language" value="en"/>
    <property name="java.specification.vendor" value="Oracle Corporation"/>
    <property name="java.version.date" value="2025-01-21"/>
    <property name="java.home" value="/usr/lib/jvm/java-23-openjdk"/>
    <property name="file.separator" value="/"/>
    <property name="basedir" value="/home/manuel/spring/crudJdbcTemplate"/>
    <property name="java.vm.compressedOopsMode" value="Zero based"/>
    <property name="line.separator" value="&#10;"/>
    <property name="java.specification.name" value="Java Platform API Specification"/>
    <property name="java.vm.specification.vendor" value="Oracle Corporation"/>
    <property name="surefire.real.class.path" value="/home/manuel/spring/crudJdbcTemplate/target/surefire/surefirebooter-20250304141851869_3.jar"/>
    <property name="sun.management.compiler" value="HotSpot 64-Bit Tiered Compilers"/>
    <property name="java.runtime.version" value="23.0.2"/>
    <property name="user.name" value="manuel"/>
    <property name="stdout.encoding" value="UTF-8"/>
    <property name="path.separator" value=":"/>
    <property name="os.version" value="6.13.5-arch1-1"/>
    <property name="java.runtime.name" value="OpenJDK Runtime Environment"/>
    <property name="file.encoding" value="UTF-8"/>
    <property name="java.vm.name" value="OpenJDK 64-Bit Server VM"/>
    <property name="localRepository" value="/home/manuel/.m2/repository"/>
    <property name="java.vendor.url.bug" value="https://bugreport.java.com/bugreport/"/>
    <property name="java.io.tmpdir" value="/tmp"/>
    <property name="java.version" value="23.0.2"/>
    <property name="user.dir" value="/home/manuel/spring/crudJdbcTemplate"/>
    <property name="os.arch" value="amd64"/>
    <property name="java.vm.specification.name" value="Java Virtual Machine Specification"/>
    <property name="native.encoding" value="UTF-8"/>
    <property name="java.library.path" value="/usr/java/packages/lib:/usr/lib64:/lib64:/lib:/usr/lib"/>
    <property name="java.vm.info" value="mixed mode, sharing"/>
    <property name="stderr.encoding" value="UTF-8"/>
    <property name="java.vendor" value="Arch Linux"/>
    <property name="java.vm.version" value="23.0.2"/>
    <property name="sun.io.unicode.encoding" value="UnicodeLittle"/>
    <property name="java.class.version" value="67.0"/>
  </properties>
  <testcase name="testApp" classname="com.example.AppTest" time="0.003"/>
</testsuite>